const interval = setInterval(()=>{
    console.log("This is Insidde the Interval ");
},5000);
undefined
VM45:2 This is Insidde the Interval 
VM45:2 This is Insidde the Interval 
VM45:2 This is Insidde the Interval 
VM45:2 This is Insidde the Interval 
VM45:2 This is Insidde the Interval 
VM45:2 This is Insidde the Interval 
VM45:2 This is Insidde the Interval 
VM45:2 This is Insidde the Interval 
VM45:2 This is Insidde the Interval 
VM45:2 This is Insidde the Interval 
clearInterval(interval);
undefined
const data = fetch('https://api.escuelajs.co/api/v1/products');
undefined
data;
Promise {<fulfilled>: Response}[[Prototype]]: Promisecatch: ƒ catch()constructor: ƒ Promise()finally: ƒ finally()then: ƒ then()Symbol(Symbol.toStringTag): "Promise"[[Prototype]]: Object[[PromiseState]]: "fulfilled"[[PromiseResult]]: Response
fetch('https://api.escuelajs.co/api/v1/products').then((response)=>console.log(response)).catch((err)=>console.log(err));
Promise {<pending>}
VM413:1 Response {type: 'cors', url: 'https://api.escuelajs.co/api/v1/products', redirected: false, status: 200, ok: true, …}body: (...)bodyUsed: falseheaders: Headers {}ok: trueredirected: falsestatus: 200statusText: "OK"type: "cors"url: "https://api.escuelajs.co/api/v1/products"[[Prototype]]: Response
fetch('https://api.escuelajs.co/api/v1/products').then((response)=>response.json().then((data)=>console.log(data)).catch((err)=console.log(erer)>)).catch((err)=>console.log(err));
VM606:1 Uncaught SyntaxError: Unexpected token ')'
fetch('https://api.escuelajs.co/api/v1/products').then((response)=>response.json().then((data)=>console.log(data)).catch((err)=console.log(err))).catch((err)=>console.log(err));
Promise {<pending>}
VM621:1 ReferenceError: err is not defined
    at <anonymous>:1:140
VM621:1 (51) [{…}, {…}, {…}, {…}, {…}, {…}, {…}, {…}, {…}, {…}, {…}, {…}, {…}, {…}, {…}, {…}, {…}, {…}, {…}, {…}, {…}, {…}, {…}, {…}, {…}, {…}, {…}, {…}, {…}, {…}, {…}, {…}, {…}, {…}, {…}, {…}, {…}, {…}, {…}, {…}, {…}, {…}, {…}, {…}, {…}, {…}, {…}, {…}, {…}, {…}, {…}]0: category: creationAt: "2024-10-13T21:57:58.000Z"id: 1image: "https://i.imgur.com/QkIa5tT.jpeg"name: "change"updatedAt: "2024-10-14T01:49:27.000Z"[[Prototype]]: ObjectcreationAt: "2024-10-13T21:57:58.000Z"description: "Elevate your wardrobe with this stylish black t-shirt featuring a striking monochrome mountain range graphic. Perfect for those who love the outdoors or want to add a touch of nature-inspired design to their look, this tee is crafted from soft, breathable fabric ensuring all-day comfort. Ideal for casual outings or as a unique gift, this t-shirt is a versatile addition to any collection."id: 1images: Array(3)0: "https://i.imgur.com/QkIa5tT.jpeg"1: "https://i.imgur.com/jb5Yu0h.jpeg"2: "https://i.imgur.com/UlxxXyG.jpeg"length: 3[[Prototype]]: Array(0)price: 44title: "Majestic Mountain Graphic T-Shirt"updatedAt: "2024-10-13T21:57:58.000Z"[[Prototype]]: Object1: {id: 2, title: 'Classic Red Pullover Hoodie', price: 10, description: 'Elevate your casual wardrobe with our Classic Red … it a versatile addition to your everyday attire.', images: Array(3), …}2: {id: 3, title: 'Classic Heather Gray Hoodie', price: 69, description: 'Stay cozy and stylish with our Classic Heather Gra…s hoodie is a versatile addition to any wardrobe.', images: Array(3), …}3: {id: 4, title: 'Classic Grey Hooded Sweatshirt', price: 90, description: 'Elevate your casual wear with our Classic Grey Hoo…effortlessly with your favorite jeans or joggers.', images: Array(3), …}4: {id: 5, title: 'Classic Black Hooded Sweatshirt', price: 79, description: 'Elevate your casual wardrobe with our Classic Blac…ect for a relaxed day at home or a casual outing.', images: Array(3), …}5: {id: 6, title: 'Classic Comfort Fit Joggers', price: 25, description: 'Discover the perfect blend of style and comfort wi… ideal for both active days and relaxed lounging.', images: Array(3), …}6: {id: 7, title: 'Classic Comfort Drawstring Joggers', price: 79, description: 'Experience the perfect blend of comfort and style …ly become your go-to for effortless, casual wear.', images: Array(2), …}7: {id: 8, title: 'Classic Red Jogger Sweatpants', price: 98, description: 'Experience ultimate comfort with our red jogger sw…ern fit that keeps you looking stylish on the go.', images: Array(3), …}8: {id: 9, title: 'Classic Navy Blue Baseball Cap', price: 61, description: 'Step out in style with this sleek navy blue baseba…looks with this versatile and timeless accessory.', images: Array(3), …}9: {id: 10, title: 'Classic Blue Baseball Cap', price: 86, description: 'Top off your casual look with our Classic Blue Bas…rs both style and practicality for everyday wear.', images: Array(3), …}10: {id: 11, title: 'Classic Red Baseball Cap', price: 35, description: 'Elevate your casual wardrobe with this timeless re…nny days or adding a sporty touch to your outfit.', images: Array(3), …}11: {id: 12, title: 'Classic Black Baseball Cap', price: 58, description: 'Elevate your casual wear with this timeless black …ds, this cap adds a touch of style to any outfit.', images: Array(3), …}12: {id: 13, title: 'Classic Olive Chino Shorts', price: 84, description: 'Elevate your casual wardrobe with these classic ol…aily activities while maintaining a stylish look.', images: Array(2), …}13: {id: 14, title: 'Classic High-Waisted Athletic Shorts', price: 43, description: 'Stay comfortable and stylish with our Classic High…t for the gym, running, or even just casual wear.', images: Array(3), …}14: {id: 15, title: 'Classic White Crew Neck T-Shirt', price: 39, description: 'Elevate your basics with this versatile white crew…t-shirt is a must-have staple for every wardrobe.', images: Array(3), …}15: {id: 16, title: 'Classic White Tee - Timeless Style and Comfort', price: 73, description: 'Elevate your everyday wardrobe with our Classic Wh…eans or layer it under a jacket for a smart look.', images: Array(3), …}16: {id: 17, title: 'Classic Black T-Shirt', price: 35, description: "Elevate your everyday style with our Classic Black… it's sure to become a favorite in your wardrobe.", images: Array(3), …}17: {id: 18, title: 'Sleek White & Orange Wireless Gaming Controller', price: 69, description: 'Elevate your gaming experience with this state-of-…any serious gamer looking to enhance their setup.', images: Array(3), …}18: {id: 19, title: 'Sleek Wireless Headphone & Inked Earbud Set', price: 44, description: 'Experience the fusion of style and sound with this…o, designed to cater to all your listening needs.', images: Array(3), …}19: {id: 20, title: 'Sleek Comfort-Fit Over-Ear Headphones', price: 28, description: 'Experience superior sound quality with our Sleek C…ally pleasing looks and long-lasting performance.', images: Array(3), …}20: {id: 21, title: 'Efficient 2-Slice Toaster', price: 48, description: 'Enhance your morning routine with our sleek 2-slic… your toast is always golden brown and delicious.', images: Array(3), …}21: {id: 22, title: 'Sleek Wireless Computer Mouse', price: 10, description: 'Experience smooth and precise navigation with this…ts neatly in your bag for on-the-go productivity.', images: Array(3), …}22: {id: 23, title: 'Sleek Modern Laptop with Ambient Lighting', price: 43, description: 'Experience next-level computing with our ultra-sli…ection, making it as stylish as it is functional.', images: Array(3), …}23: {id: 24, title: 'Sleek Modern Laptop for Professionals', price: 97, description: 'Experience cutting-edge technology and elegant des…tability. Shop now to elevate your work and play.', images: Array(3), …}24: {id: 25, title: 'Stylish Red & Silver Over-Ear Headphones', price: 39, description: 'Immerse yourself in superior sound quality with th…les who value both appearance and audio fidelity.', images: Array(3), …}25: {id: 26, title: 'Sleek Mirror Finish Phone Case', price: 27, description: "Enhance your smartphone's look with this ultra-sle…those who love a minimalist and modern aesthetic.", images: Array(3), …}26: {id: 27, title: 'Sleek Smartwatch with Vibrant Display', price: 16, description: 'Experience modern timekeeping with our high-tech s…ile showcasing exceptional style and versatility.', images: Array(3), …}27: {id: 28, title: 'Sleek Modern Leather Sofa', price: 53, description: 'Enhance the elegance of your living space with our…ment piece that combines style with practicality.', images: Array(3), …}28: {id: 29, title: 'Mid-Century Modern Wooden Dining Table', price: 24, description: 'Elevate your dining room with this sleek Mid-Centu…ers or as a stylish spot for your morning coffee.', images: Array(3), …}29: {id: 30, title: 'Elegant Golden-Base Stone Top Dining Table', price: 66, description: 'Elevate your dining space with this luxurious tabl…able easily complements any modern or glam decor.', images: Array(3), …}30: {id: 31, title: 'Modern Elegance Teal Armchair', price: 25, description: 'Elevate your living space with this beautifully cr…, relaxing, or creating a cozy conversation nook.', images: Array(3), …}31: {id: 32, title: 'Elegant Solid Wood Dining Table', price: 67, description: 'Enhance your dining space with this sleek, contemp…nterpiece. The overhead lighting is not included.', images: Array(3), …}32: {id: 33, title: 'Modern Minimalist Workstation Setup', price: 49, description: 'Elevate your home office with our Modern Minimalis…ary look that combines functionality with design.', images: Array(3), …}33: {id: 34, title: 'Modern Ergonomic Office Chair', price: 71, description: 'Elevate your office space with this sleek and comf…versatile addition to any contemporary workspace.', images: Array(2), …}34: {id: 35, title: 'Futuristic Holographic Soccer Cleats', price: 39, description: 'Step onto the field and stand out from the crowd w…on-forward athlete who wants to make a statement.', images: Array(3), …}35: {id: 36, title: 'Rainbow Glitter High Heels', price: 39, description: 'Step into the spotlight with these eye-catching ra… are sure to turn heads and elevate any ensemble.', images: Array(3), …}36: {id: 37, title: 'Chic Summer Denim Espadrille Sandals', price: 33, description: 'Step into summer with style in our denim espadrill…res convenience for beach days or casual outings.', images: Array(3), …}37: {id: 38, title: 'Vibrant Runners: Bold Orange & Blue Sneakers', price: 27, description: 'Step into style with these eye-catching sneakers f…andout accessory for your workout or casual wear.', images: Array(3), …}38: {id: 39, title: 'Vibrant Pink Classic Sneakers', price: 84, description: 'Step into style with our Vibrant Pink Classic Snea… a pair today and add some vibrancy to your step!', images: Array(3), …}39: {id: 40, title: 'Futuristic Silver and Gold High-Top Sneaker', price: 68, description: 'Step into the future with this eye-catching high-t…on. Grab a pair today and elevate your shoe game!', images: Array(3), …}40: {id: 41, title: 'Futuristic Chic High-Heel Boots', price: 36, description: 'Elevate your style with our cutting-edge high-heel…vidual, these boots are sure to make a statement.', images: Array(3), …}41: {id: 42, title: 'Elegant Patent Leather Peep-Toe Pumps with Gold-Tone Heel', price: 53, description: 'Step into sophistication with these chic peep-toe … attire or complementing a polished daytime look.', images: Array(3), …}42: {id: 43, title: 'Elegant Purple Leather Loafers', price: 17, description: 'Step into sophistication with our Elegant Purple L… both style and functionality for the modern man.', images: Array(3), …}43: {id: 44, title: 'Classic Blue Suede Casual Shoes', price: 39, description: 'Step into comfort with our Classic Blue Suede Casu…making them a versatile addition to any wardrobe.', images: Array(3), …}44: {id: 45, title: 'Sleek Futuristic Electric Bicycle', price: 22, description: 'This modern electric bicycle combines style and ef… commuter looking to navigate the city with ease.', images: Array(3), …}45: {id: 46, title: 'Sleek All-Terrain Go-Kart', price: 37, description: 'Experience the thrill of outdoor adventures with o…ce for backyard racing or exploring local trails.', images: Array(3), …}46: {id: 47, title: 'Radiant Citrus Eau de Parfum', price: 73, description: 'Indulge in the essence of summer with this vibrant… delight that leaves a lasting, zesty impression.', images: Array(3), …}47: {id: 48, title: 'Sleek Olive Green Hardshell Carry-On Luggage', price: 48, description: 'Travel in style with our durable hardshell carry-o…ements, ensuring a hassle-free flying experience.', images: Array(3), …}48: {id: 49, title: 'Chic Transparent Fashion Handbag', price: 61, description: 'Elevate your style with our Chic Transparent Fashi…ur day-to-day items with ease and sophistication.', images: Array(3), …}49: {id: 50, title: 'Trendy Pink-Tinted Sunglasses', price: 38, description: 'Step up your style game with these fashionable bla… looking to add a pop of color to their ensemble.', images: Array(3), …}50: {id: 51, title: 'Elegant Glass Tumbler Set', price: 50, description: 'Enhance your drinkware collection with our sophist…daily use while maintaining their elegant appeal.', images: Array(3), …}length: 51[[Prototype]]: Array(0)
let promise = new Promise((resolve , reject)=>{
    setTimeout(()=>{
        resolve(2**3);
    },5000)
}
);
undefined
promise.then((result)=>console.log(result)).catch((err)=>console.log(err));
VM980:1 8
Promise {<fulfilled>: undefined}
promise.then((result)=>console.log(result)).catch((err)=>console.log(err));
VM984:1 8
Promise {<fulfilled>: undefined}
let promise = new Promise((resolve , reject)=>{
    setTimeout(()=>{
        reject("Error");
    },5000)
}
);
undefined
promise.then((result)=>console.log(result)).catch((err)=>console.log(err));
Promise {<pending>}
VM1014:1 Error
let promise = new Promise((resolve , reject)=>{
    setTimeout(()=>{
        let base = 2;
        let exponent = 3;
        if(exponent > 5){
            reject(new Error("Exponent is Too Large"));
        }else{
            let result = base ** exponent;
            resolve(result);
        }
    },5000)
}
);
undefined
promise.then((result)=>console.log(result)).catch((err)=>console.log(err));
VM1214:1 8
Promise {<fulfilled>: undefined}
let promise = new Promise((resolve , reject)=>{
    setTimeout(()=>{
        let base = 2;
        let exponent = 3;
        if(exponent > 5){
            reject(new Error("Exponent is Too Large"));
        }else{
            let result = base ** exponent;
            resolve(result);
        }
    },5000)
}
);

console.log("Promise Started");
promise.then((result)=>console.log(result)).catch(err=>console.log(err));
VM1527:15 Promise Started
Promise {<pending>}
VM1527:16 8
let promise = new Promise((resolve , reject)=>{
    setTimeout(()=>{
        let base = 2;
        let exponent = 6;
        if(exponent > 5){
            reject(new Error("Exponent is Too Large"));
        }else{
            let result = base ** exponent;
            resolve(result);
        }
    },5000)
}
);

console.log("Promise Started");
promise.then((result)=>console.log(result)).catch(err=>console.log(err));
VM1531:15 Promise Started
Promise {<pending>}
VM1531:16 Error: Exponent is Too Large
    at <anonymous>:6:20
async function getData(){
    let response = await fetch('https://api.escuelajs.co/api/v1/products');
    let data = await response.json();
    console.log(data);
}


undefined
getData();
console.log("hello");
VM1810:2 hello
undefined
VM1734:4 (52) [{…}, {…}, {…}, {…}, {…}, {…}, {…}, {…}, {…}, {…}, {…}, {…}, {…}, {…}, {…}, {…}, {…}, {…}, {…}, {…}, {…}, {…}, {…}, {…}, {…}, {…}, {…}, {…}, {…}, {…}, {…}, {…}, {…}, {…}, {…}, {…}, {…}, {…}, {…}, {…}, {…}, {…}, {…}, {…}, {…}, {…}, {…}, {…}, {…}, {…}, {…}, {…}]
const promise = getData();
VM1885:1 Uncaught SyntaxError: Identifier 'promise' has already been declared
const promise1 = getData();
undefined
VM1734:4 (52) [{…}, {…}, {…}, {…}, {…}, {…}, {…}, {…}, {…}, {…}, {…}, {…}, {…}, {…}, {…}, {…}, {…}, {…}, {…}, {…}, {…}, {…}, {…}, {…}, {…}, {…}, {…}, {…}, {…}, {…}, {…}, {…}, {…}, {…}, {…}, {…}, {…}, {…}, {…}, {…}, {…}, {…}, {…}, {…}, {…}, {…}, {…}, {…}, {…}, {…}, {…}, {…}]0: {id: 1, title: 'Majestic Mountain Graphic T-Shirt', price: 32, description: 'Elevate your wardrobe with this stylish black t-sh…-shirt is a versatile addition to any collection.', images: Array(3), …}category: {id: 1, name: 'change', image: 'https://i.imgur.com/QkIa5tT.jpeg', creationAt: '2024-10-13T21:57:58.000Z', updatedAt: '2024-10-14T01:49:27.000Z'}creationAt: "2024-10-13T21:57:58.000Z"description: "Elevate your wardrobe with this stylish black t-shirt featuring a striking monochrome mountain range graphic. Perfect for those who love the outdoors or want to add a touch of nature-inspired design to their look, this tee is crafted from soft, breathable fabric ensuring all-day comfort. Ideal for casual outings or as a unique gift, this t-shirt is a versatile addition to any collection."id: 1images: (3) ['["https://i.imgur.com/QkIa5tT.jpeg"', '"https://i.imgur.com/jb5Yu0h.jpeg"', '"https://i.imgur.com/UlxxXyG.jpeg"]']price: 32title: "Majestic Mountain Graphic T-Shirt"updatedAt: "2024-10-14T04:46:01.000Z"[[Prototype]]: Object1: {id: 2, title: 'Classic Red Pullover Hoodie', price: 10, description: 'Elevate your casual wardrobe with our Classic Red … it a versatile addition to your everyday attire.', images: Array(3), …}2: {id: 3, title: 'Classic Heather Gray Hoodie', price: 69, description: 'Stay cozy and stylish with our Classic Heather Gra…s hoodie is a versatile addition to any wardrobe.', images: Array(3), …}3: {id: 4, title: 'Classic Grey Hooded Sweatshirt', price: 90, description: 'Elevate your casual wear with our Classic Grey Hoo…effortlessly with your favorite jeans or joggers.', images: Array(3), …}4: {id: 5, title: 'Classic Black Hooded Sweatshirt', price: 79, description: 'Elevate your casual wardrobe with our Classic Blac…ect for a relaxed day at home or a casual outing.', images: Array(3), …}5: {id: 6, title: 'Classic Comfort Fit Joggers', price: 25, description: 'Discover the perfect blend of style and comfort wi… ideal for both active days and relaxed lounging.', images: Array(3), …}6: {id: 7, title: 'Classic Comfort Drawstring Joggers', price: 79, description: 'Experience the perfect blend of comfort and style …ly become your go-to for effortless, casual wear.', images: Array(2), …}7: {id: 8, title: 'Classic Red Jogger Sweatpants', price: 98, description: 'Experience ultimate comfort with our red jogger sw…ern fit that keeps you looking stylish on the go.', images: Array(3), …}8: {id: 9, title: 'Classic Navy Blue Baseball Cap', price: 61, description: 'Step out in style with this sleek navy blue baseba…looks with this versatile and timeless accessory.', images: Array(3), …}9: {id: 10, title: 'Classic Blue Baseball Cap', price: 86, description: 'Top off your casual look with our Classic Blue Bas…rs both style and practicality for everyday wear.', images: Array(3), …}10: {id: 11, title: 'Classic Red Baseball Cap', price: 35, description: 'Elevate your casual wardrobe with this timeless re…nny days or adding a sporty touch to your outfit.', images: Array(3), …}11: {id: 12, title: 'Classic Black Baseball Cap', price: 58, description: 'Elevate your casual wear with this timeless black …ds, this cap adds a touch of style to any outfit.', images: Array(3), …}12: {id: 13, title: 'Classic Olive Chino Shorts', price: 84, description: 'Elevate your casual wardrobe with these classic ol…aily activities while maintaining a stylish look.', images: Array(2), …}13: {id: 14, title: 'Classic High-Waisted Athletic Shorts', price: 43, description: 'Stay comfortable and stylish with our Classic High…t for the gym, running, or even just casual wear.', images: Array(3), …}14: {id: 15, title: 'Classic White Crew Neck T-Shirt', price: 39, description: 'Elevate your basics with this versatile white crew…t-shirt is a must-have staple for every wardrobe.', images: Array(3), …}15: {id: 16, title: 'Classic White Tee - Timeless Style and Comfort', price: 73, description: 'Elevate your everyday wardrobe with our Classic Wh…eans or layer it under a jacket for a smart look.', images: Array(3), …}16: {id: 17, title: 'Classic Black T-Shirt', price: 35, description: "Elevate your everyday style with our Classic Black… it's sure to become a favorite in your wardrobe.", images: Array(3), …}17: {id: 18, title: 'Sleek White & Orange Wireless Gaming Controller', price: 69, description: 'Elevate your gaming experience with this state-of-…any serious gamer looking to enhance their setup.', images: Array(3), …}18: {id: 19, title: 'Sleek Wireless Headphone & Inked Earbud Set', price: 44, description: 'Experience the fusion of style and sound with this…o, designed to cater to all your listening needs.', images: Array(3), …}19: {id: 20, title: 'Sleek Comfort-Fit Over-Ear Headphones', price: 28, description: 'Experience superior sound quality with our Sleek C…ally pleasing looks and long-lasting performance.', images: Array(3), …}20: {id: 21, title: 'Efficient 2-Slice Toaster', price: 48, description: 'Enhance your morning routine with our sleek 2-slic… your toast is always golden brown and delicious.', images: Array(3), …}21: {id: 22, title: 'Sleek Wireless Computer Mouse', price: 10, description: 'Experience smooth and precise navigation with this…ts neatly in your bag for on-the-go productivity.', images: Array(3), …}22: {id: 23, title: 'Sleek Modern Laptop with Ambient Lighting', price: 43, description: 'Experience next-level computing with our ultra-sli…ection, making it as stylish as it is functional.', images: Array(3), …}23: {id: 24, title: 'Sleek Modern Laptop for Professionals', price: 97, description: 'Experience cutting-edge technology and elegant des…tability. Shop now to elevate your work and play.', images: Array(3), …}24: {id: 25, title: 'Stylish Red & Silver Over-Ear Headphones', price: 39, description: 'Immerse yourself in superior sound quality with th…les who value both appearance and audio fidelity.', images: Array(3), …}25: {id: 26, title: 'Sleek Mirror Finish Phone Case', price: 27, description: "Enhance your smartphone's look with this ultra-sle…those who love a minimalist and modern aesthetic.", images: Array(3), …}26: {id: 27, title: 'Sleek Smartwatch with Vibrant Display', price: 16, description: 'Experience modern timekeeping with our high-tech s…ile showcasing exceptional style and versatility.', images: Array(3), …}27: {id: 28, title: 'Sleek Modern Leather Sofa', price: 53, description: 'Enhance the elegance of your living space with our…ment piece that combines style with practicality.', images: Array(3), …}28: {id: 29, title: 'Mid-Century Modern Wooden Dining Table', price: 24, description: 'Elevate your dining room with this sleek Mid-Centu…ers or as a stylish spot for your morning coffee.', images: Array(3), …}29: {id: 30, title: 'Elegant Golden-Base Stone Top Dining Table', price: 66, description: 'Elevate your dining space with this luxurious tabl…able easily complements any modern or glam decor.', images: Array(3), …}30: {id: 31, title: 'Modern Elegance Teal Armchair', price: 25, description: 'Elevate your living space with this beautifully cr…, relaxing, or creating a cozy conversation nook.', images: Array(3), …}31: {id: 32, title: 'Elegant Solid Wood Dining Table', price: 67, description: 'Enhance your dining space with this sleek, contemp…nterpiece. The overhead lighting is not included.', images: Array(3), …}32: {id: 33, title: 'Modern Minimalist Workstation Setup', price: 49, description: 'Elevate your home office with our Modern Minimalis…ary look that combines functionality with design.', images: Array(3), …}33: {id: 34, title: 'Modern Ergonomic Office Chair', price: 71, description: 'Elevate your office space with this sleek and comf…versatile addition to any contemporary workspace.', images: Array(2), …}34: {id: 35, title: 'Futuristic Holographic Soccer Cleats', price: 39, description: 'Step onto the field and stand out from the crowd w…on-forward athlete who wants to make a statement.', images: Array(3), …}35: {id: 36, title: 'Rainbow Glitter High Heels', price: 39, description: 'Step into the spotlight with these eye-catching ra… are sure to turn heads and elevate any ensemble.', images: Array(3), …}36: {id: 37, title: 'Chic Summer Denim Espadrille Sandals', price: 33, description: 'Step into summer with style in our denim espadrill…res convenience for beach days or casual outings.', images: Array(3), …}37: {id: 38, title: 'Vibrant Runners: Bold Orange & Blue Sneakers', price: 27, description: 'Step into style with these eye-catching sneakers f…andout accessory for your workout or casual wear.', images: Array(3), …}38: {id: 39, title: 'Vibrant Pink Classic Sneakers', price: 84, description: 'Step into style with our Vibrant Pink Classic Snea… a pair today and add some vibrancy to your step!', images: Array(3), …}39: {id: 40, title: 'Futuristic Silver and Gold High-Top Sneaker', price: 68, description: 'Step into the future with this eye-catching high-t…on. Grab a pair today and elevate your shoe game!', images: Array(3), …}40: {id: 41, title: 'Futuristic Chic High-Heel Boots', price: 36, description: 'Elevate your style with our cutting-edge high-heel…vidual, these boots are sure to make a statement.', images: Array(3), …}41: {id: 42, title: 'Elegant Patent Leather Peep-Toe Pumps with Gold-Tone Heel', price: 53, description: 'Step into sophistication with these chic peep-toe … attire or complementing a polished daytime look.', images: Array(3), …}42: {id: 43, title: 'Elegant Purple Leather Loafers', price: 17, description: 'Step into sophistication with our Elegant Purple L… both style and functionality for the modern man.', images: Array(3), …}43: {id: 44, title: 'Classic Blue Suede Casual Shoes', price: 39, description: 'Step into comfort with our Classic Blue Suede Casu…making them a versatile addition to any wardrobe.', images: Array(3), …}44: {id: 45, title: 'Sleek Futuristic Electric Bicycle', price: 22, description: 'This modern electric bicycle combines style and ef… commuter looking to navigate the city with ease.', images: Array(3), …}45: {id: 46, title: 'Sleek All-Terrain Go-Kart', price: 37, description: 'Experience the thrill of outdoor adventures with o…ce for backyard racing or exploring local trails.', images: Array(3), …}46: {id: 47, title: 'Radiant Citrus Eau de Parfum', price: 73, description: 'Indulge in the essence of summer with this vibrant… delight that leaves a lasting, zesty impression.', images: Array(3), …}47: {id: 48, title: 'Sleek Olive Green Hardshell Carry-On Luggage', price: 48, description: 'Travel in style with our durable hardshell carry-o…ements, ensuring a hassle-free flying experience.', images: Array(3), …}48: {id: 49, title: 'Chic Transparent Fashion Handbag', price: 61, description: 'Elevate your style with our Chic Transparent Fashi…ur day-to-day items with ease and sophistication.', images: Array(3), …}49: {id: 50, title: 'Trendy Pink-Tinted Sunglasses', price: 38, description: 'Step up your style game with these fashionable bla… looking to add a pop of color to their ensemble.', images: Array(3), …}50: {id: 51, title: 'Elegant Glass Tumbler Set', price: 12, description: 'Enhance your drinkware collection with our sophist…daily use while maintaining their elegant appeal.', images: Array(3), …}51: {id: 60, title: 'New Product', price: 10, description: 'A description', images: Array(1), …}length: 52[[Prototype]]: Array(0)
promise1;
Promise {<fulfilled>: undefined}
